{
  "RSpec": {
    "coverage": {
      "/Users/JakeWengroff/code/organized-learning/app/models/user.rb": [
        1,
        null,
        null,
        1,
        null,
        null,
        null,
        1,
        null,
        null
      ],
      "/Users/JakeWengroff/code/organized-learning/app/helpers/application_helper.rb": [
        1,
        null
      ],
      "/Users/JakeWengroff/code/organized-learning/app/helpers/users_helper.rb": [
        1,
        null
      ],
      "/Users/JakeWengroff/code/organized-learning/app/helpers/welcome_helper.rb": [
        1,
        null
      ],
      "/Users/JakeWengroff/code/organized-learning/app/controllers/users_controller.rb": [
        1,
        null,
        1,
        null,
        1,
        null,
        null
      ],
      "/Users/JakeWengroff/code/organized-learning/app/controllers/application_controller.rb": [
        1,
        null,
        null,
        1,
        1,
        null,
        1,
        null,
        1,
        0,
        null,
        null,
        1,
        0,
        null,
        null,
        null,
        null
      ],
      "/Users/JakeWengroff/code/organized-learning/app/controllers/welcome_controller.rb": [
        1,
        1,
        null,
        null,
        1,
        null,
        null
      ]
    },
    "timestamp": 1445435254
  }
}
